<?xml version="1.0" encoding="UTF-8"?>
<testsuite name="finalmission.FinalMissionApplicationTests" tests="1" skipped="0" failures="0" errors="0" timestamp="2025-06-19T08:23:31.005Z" hostname="192.168.nate.com" time="0.423">
  <properties/>
  <testcase name="contextLoads()" classname="finalmission.FinalMissionApplicationTests" time="0.423"/>
  <system-out><![CDATA[17:23:27.158 [Test worker] INFO org.springframework.test.context.support.AnnotationConfigContextLoaderUtils -- Could not detect default configuration classes for test class [finalmission.FinalMissionApplicationTests]: FinalMissionApplicationTests does not declare any static, non-private, non-final, nested classes annotated with @Configuration.
17:23:27.239 [Test worker] INFO org.springframework.boot.test.context.SpringBootTestContextBootstrapper -- Found @SpringBootConfiguration finalmission.FinalMissionApplication for test class finalmission.FinalMissionApplicationTests

  .   ____          _            __ _ _
 /\\ / ___'_ __ _ _(_)_ __  __ _ \ \ \ \
( ( )\___ | '_ | '_| | '_ \/ _` | \ \ \ \
 \\/  ___)| |_)| | | | | || (_| |  ) ) ) )
  '  |____| .__|_| |_|_| |_\__, | / / / /
 =========|_|==============|___/=/_/_/_/

 :: Spring Boot ::                (v3.4.4)

2025-06-19T17:23:27.543+09:00  INFO 56651 --- [    Test worker] f.FinalMissionApplicationTests           : Starting FinalMissionApplicationTests using Java 21.0.7 with PID 56651 (started by soobin in /Users/soobin/dev/woowacourse/level2/lv2-final-mission)
2025-06-19T17:23:27.544+09:00  INFO 56651 --- [    Test worker] f.FinalMissionApplicationTests           : No active profile set, falling back to 1 default profile: "default"
2025-06-19T17:23:28.312+09:00  INFO 56651 --- [    Test worker] .s.d.r.c.RepositoryConfigurationDelegate : Bootstrapping Spring Data JPA repositories in DEFAULT mode.
2025-06-19T17:23:28.360+09:00  INFO 56651 --- [    Test worker] .s.d.r.c.RepositoryConfigurationDelegate : Finished Spring Data repository scanning in 41 ms. Found 4 JPA repository interfaces.
2025-06-19T17:23:28.730+09:00  INFO 56651 --- [    Test worker] o.hibernate.jpa.internal.util.LogHelper  : HHH000204: Processing PersistenceUnitInfo [name: default]
2025-06-19T17:23:28.774+09:00  INFO 56651 --- [    Test worker] org.hibernate.Version                    : HHH000412: Hibernate ORM core version 6.6.11.Final
2025-06-19T17:23:28.800+09:00  INFO 56651 --- [    Test worker] o.h.c.internal.RegionFactoryInitiator    : HHH000026: Second-level cache disabled
2025-06-19T17:23:29.031+09:00  INFO 56651 --- [    Test worker] o.s.o.j.p.SpringPersistenceUnitInfo      : No LoadTimeWeaver setup: ignoring JPA class transformer
2025-06-19T17:23:29.052+09:00  INFO 56651 --- [    Test worker] com.zaxxer.hikari.HikariDataSource       : HikariPool-1 - Starting...
2025-06-19T17:23:29.185+09:00  INFO 56651 --- [    Test worker] com.zaxxer.hikari.pool.HikariPool        : HikariPool-1 - Added connection conn0: url=jdbc:h2:mem:database user=SA
2025-06-19T17:23:29.187+09:00  INFO 56651 --- [    Test worker] com.zaxxer.hikari.HikariDataSource       : HikariPool-1 - Start completed.
2025-06-19T17:23:29.234+09:00  INFO 56651 --- [    Test worker] org.hibernate.orm.connections.pooling    : HHH10001005: Database info:
	Database JDBC URL [Connecting through datasource 'HikariDataSource (HikariPool-1)']
	Database driver: undefined/unknown
	Database version: 2.3.232
	Autocommit mode: undefined/unknown
	Isolation level: undefined/unknown
	Minimum pool size: undefined/unknown
	Maximum pool size: undefined/unknown
2025-06-19T17:23:29.850+09:00  INFO 56651 --- [    Test worker] o.h.e.t.j.p.i.JtaPlatformInitiator       : HHH000489: No JTA platform available (set 'hibernate.transaction.jta.platform' to enable JTA platform integration)
Hibernate: 
    drop table if exists lesson_time cascade 
Hibernate: 
    drop table if exists member cascade 
Hibernate: 
    drop table if exists reservation cascade 
Hibernate: 
    drop table if exists trainer cascade 
Hibernate: 
    create table lesson_time (
        time time(6) not null,
        id bigint generated by default as identity,
        primary key (id)
    )
Hibernate: 
    create table member (
        pt_number integer not null,
        id bigint generated by default as identity,
        trainer_id bigint,
        email varchar(255) not null unique,
        name varchar(255) not null,
        password varchar(255) not null,
        primary key (id)
    )
Hibernate: 
    create table reservation (
        date date not null,
        id bigint generated by default as identity,
        lesson_time_id bigint,
        member_id bigint,
        trainer_id bigint,
        status enum ('DONE','RESERVED','WAITING') not null,
        primary key (id)
    )
Hibernate: 
    create table trainer (
        id bigint generated by default as identity,
        name varchar(255) not null,
        gender enum ('MAN','WOMAN') not null,
        primary key (id)
    )
Hibernate: 
    alter table if exists member 
       add constraint FK69nb5p8qg4vcwj2m5nc0cnag9 
       foreign key (trainer_id) 
       references trainer
Hibernate: 
    alter table if exists reservation 
       add constraint FK77ekwkht9ff3hdalq99svsq7b 
       foreign key (lesson_time_id) 
       references lesson_time
Hibernate: 
    alter table if exists reservation 
       add constraint FK68999qe28ym9eqqlowybh9nvn 
       foreign key (member_id) 
       references member
Hibernate: 
    alter table if exists reservation 
       add constraint FKt2rdxqfmx0byays676h1qrgwa 
       foreign key (trainer_id) 
       references trainer
2025-06-19T17:23:29.895+09:00  INFO 56651 --- [    Test worker] j.LocalContainerEntityManagerFactoryBean : Initialized JPA EntityManagerFactory for persistence unit 'default'
2025-06-19T17:23:30.586+09:00  WARN 56651 --- [    Test worker] JpaBaseConfiguration$JpaWebConfiguration : spring.jpa.open-in-view is enabled by default. Therefore, database queries may be performed during view rendering. Explicitly configure spring.jpa.open-in-view to disable this warning
2025-06-19T17:23:30.844+09:00  WARN 56651 --- [    Test worker] ion$DefaultTemplateResolverConfiguration : Cannot find template location: classpath:/templates/ (please add some templates, check your Thymeleaf configuration, or set spring.thymeleaf.check-template-location=false)
2025-06-19T17:23:30.922+09:00  INFO 56651 --- [    Test worker] o.s.b.a.h2.H2ConsoleAutoConfiguration    : H2 console available at '/h2-console'. Database available at 'jdbc:h2:mem:database'
2025-06-19T17:23:30.992+09:00  INFO 56651 --- [    Test worker] f.FinalMissionApplicationTests           : Started FinalMissionApplicationTests in 3.645 seconds (process running for 4.579)
2025-06-19T17:23:31.433+09:00  INFO 56651 --- [    Test worker] j.LocalContainerEntityManagerFactoryBean : Closing JPA EntityManagerFactory for persistence unit 'default'
Hibernate: 
    drop table if exists lesson_time cascade 
Hibernate: 
    drop table if exists member cascade 
Hibernate: 
    drop table if exists reservation cascade 
Hibernate: 
    drop table if exists trainer cascade 
2025-06-19T17:23:31.440+09:00  INFO 56651 --- [    Test worker] com.zaxxer.hikari.HikariDataSource       : HikariPool-1 - Shutdown initiated...
2025-06-19T17:23:31.442+09:00  INFO 56651 --- [    Test worker] com.zaxxer.hikari.HikariDataSource       : HikariPool-1 - Shutdown completed.
]]></system-out>
  <system-err><![CDATA[Mockito is currently self-attaching to enable the inline-mock-maker. This will no longer work in future releases of the JDK. Please add Mockito as an agent to your build what is described in Mockito's documentation: https://javadoc.io/doc/org.mockito/mockito-core/latest/org/mockito/Mockito.html#0.3
WARNING: A Java agent has been loaded dynamically (/Users/soobin/.gradle/caches/modules-2/files-2.1/net.bytebuddy/byte-buddy-agent/1.15.11/a38b16385e867f59a641330f0362ebe742788ed8/byte-buddy-agent-1.15.11.jar)
WARNING: If a serviceability tool is in use, please run with -XX:+EnableDynamicAgentLoading to hide this warning
WARNING: If a serviceability tool is not in use, please run with -Djdk.instrument.traceUsage for more information
WARNING: Dynamic loading of agents will be disallowed by default in a future release
]]></system-err>
</testsuite>
