<?xml version="1.0" encoding="UTF-8"?>
<testsuite name="finalmission.domain.service.ReservationServiceTest" tests="7" skipped="0" failures="0" errors="0" timestamp="2025-06-19T08:23:32.576Z" hostname="192.168.nate.com" time="0.243">
  <properties/>
  <testcase name="정상적으로 예약되면 수강권이 1회 차감된다" classname="finalmission.domain.service.ReservationServiceTest" time="0.133"/>
  <testcase name="내 담당 선생님이 아니면 수업을 예약할 수 없다" classname="finalmission.domain.service.ReservationServiceTest" time="0.011"/>
  <testcase name="담당선생님의 예약 현황을 확인한다" classname="finalmission.domain.service.ReservationServiceTest" time="0.034"/>
  <testcase name="최소 이틀 전 예약 취소할 경우 수강권을 돌려받을 수 있다" classname="finalmission.domain.service.ReservationServiceTest" time="0.014"/>
  <testcase name="수강권이 없는 회원은 수업을 예약할 수 없다" classname="finalmission.domain.service.ReservationServiceTest" time="0.014"/>
  <testcase name="하루 전부터는 예약을 취소해도 수강권을 돌려받을 수 없다" classname="finalmission.domain.service.ReservationServiceTest" time="0.012"/>
  <testcase name="이미 예약이 존재하면 대기 상태로 예약된다" classname="finalmission.domain.service.ReservationServiceTest" time="0.019"/>
  <system-out><![CDATA[2025-06-19T17:23:32.118+09:00  INFO 56651 --- [    Test worker] t.c.s.AnnotationConfigContextLoaderUtils : Could not detect default configuration classes for test class [finalmission.domain.service.ReservationServiceTest]: ReservationServiceTest does not declare any static, non-private, non-final, nested classes annotated with @Configuration.
2025-06-19T17:23:32.120+09:00  INFO 56651 --- [    Test worker] .b.t.c.SpringBootTestContextBootstrapper : Found @SpringBootConfiguration finalmission.FinalMissionApplication for test class finalmission.domain.service.ReservationServiceTest

  .   ____          _            __ _ _
 /\\ / ___'_ __ _ _(_)_ __  __ _ \ \ \ \
( ( )\___ | '_ | '_| | '_ \/ _` | \ \ \ \
 \\/  ___)| |_)| | | | | || (_| |  ) ) ) )
  '  |____| .__|_| |_|_| |_\__, | / / / /
 =========|_|==============|___/=/_/_/_/

 :: Spring Boot ::                (v3.4.4)

2025-06-19T17:23:32.141+09:00  INFO 56651 --- [    Test worker] f.domain.service.ReservationServiceTest  : Starting ReservationServiceTest using Java 21.0.7 with PID 56651 (started by soobin in /Users/soobin/dev/woowacourse/level2/lv2-final-mission)
2025-06-19T17:23:32.141+09:00  INFO 56651 --- [    Test worker] f.domain.service.ReservationServiceTest  : No active profile set, falling back to 1 default profile: "default"
2025-06-19T17:23:32.249+09:00  INFO 56651 --- [    Test worker] .s.d.r.c.RepositoryConfigurationDelegate : Bootstrapping Spring Data JPA repositories in DEFAULT mode.
2025-06-19T17:23:32.259+09:00  INFO 56651 --- [    Test worker] .s.d.r.c.RepositoryConfigurationDelegate : Finished Spring Data repository scanning in 9 ms. Found 4 JPA repository interfaces.
2025-06-19T17:23:32.324+09:00  INFO 56651 --- [    Test worker] o.hibernate.jpa.internal.util.LogHelper  : HHH000204: Processing PersistenceUnitInfo [name: default]
2025-06-19T17:23:32.325+09:00  INFO 56651 --- [    Test worker] o.h.c.internal.RegionFactoryInitiator    : HHH000026: Second-level cache disabled
2025-06-19T17:23:32.331+09:00  INFO 56651 --- [    Test worker] o.s.o.j.p.SpringPersistenceUnitInfo      : No LoadTimeWeaver setup: ignoring JPA class transformer
2025-06-19T17:23:32.332+09:00  INFO 56651 --- [    Test worker] com.zaxxer.hikari.HikariDataSource       : HikariPool-3 - Starting...
2025-06-19T17:23:32.334+09:00  INFO 56651 --- [    Test worker] com.zaxxer.hikari.pool.HikariPool        : HikariPool-3 - Added connection conn20: url=jdbc:h2:mem:database user=SA
2025-06-19T17:23:32.334+09:00  INFO 56651 --- [    Test worker] com.zaxxer.hikari.HikariDataSource       : HikariPool-3 - Start completed.
2025-06-19T17:23:32.335+09:00  INFO 56651 --- [    Test worker] org.hibernate.orm.connections.pooling    : HHH10001005: Database info:
	Database JDBC URL [Connecting through datasource 'HikariDataSource (HikariPool-3)']
	Database driver: undefined/unknown
	Database version: 2.3.232
	Autocommit mode: undefined/unknown
	Isolation level: undefined/unknown
	Minimum pool size: undefined/unknown
	Maximum pool size: undefined/unknown
2025-06-19T17:23:32.394+09:00  INFO 56651 --- [    Test worker] o.h.e.t.j.p.i.JtaPlatformInitiator       : HHH000489: No JTA platform available (set 'hibernate.transaction.jta.platform' to enable JTA platform integration)
Hibernate: 
    drop table if exists lesson_time cascade 
Hibernate: 
    drop table if exists member cascade 
Hibernate: 
    drop table if exists reservation cascade 
Hibernate: 
    drop table if exists trainer cascade 
Hibernate: 
    create table lesson_time (
        time time(6) not null,
        id bigint generated by default as identity,
        primary key (id)
    )
Hibernate: 
    create table member (
        pt_number integer not null,
        id bigint generated by default as identity,
        trainer_id bigint,
        email varchar(255) not null unique,
        name varchar(255) not null,
        password varchar(255) not null,
        primary key (id)
    )
Hibernate: 
    create table reservation (
        date date not null,
        id bigint generated by default as identity,
        lesson_time_id bigint,
        member_id bigint,
        trainer_id bigint,
        status enum ('DONE','RESERVED','WAITING') not null,
        primary key (id)
    )
Hibernate: 
    create table trainer (
        id bigint generated by default as identity,
        name varchar(255) not null,
        gender enum ('MAN','WOMAN') not null,
        primary key (id)
    )
Hibernate: 
    alter table if exists member 
       add constraint FK69nb5p8qg4vcwj2m5nc0cnag9 
       foreign key (trainer_id) 
       references trainer
Hibernate: 
    alter table if exists reservation 
       add constraint FK77ekwkht9ff3hdalq99svsq7b 
       foreign key (lesson_time_id) 
       references lesson_time
Hibernate: 
    alter table if exists reservation 
       add constraint FK68999qe28ym9eqqlowybh9nvn 
       foreign key (member_id) 
       references member
Hibernate: 
    alter table if exists reservation 
       add constraint FKt2rdxqfmx0byays676h1qrgwa 
       foreign key (trainer_id) 
       references trainer
2025-06-19T17:23:32.405+09:00  INFO 56651 --- [    Test worker] j.LocalContainerEntityManagerFactoryBean : Initialized JPA EntityManagerFactory for persistence unit 'default'
2025-06-19T17:23:32.473+09:00  WARN 56651 --- [    Test worker] JpaBaseConfiguration$JpaWebConfiguration : spring.jpa.open-in-view is enabled by default. Therefore, database queries may be performed during view rendering. Explicitly configure spring.jpa.open-in-view to disable this warning
2025-06-19T17:23:32.537+09:00  WARN 56651 --- [    Test worker] ion$DefaultTemplateResolverConfiguration : Cannot find template location: classpath:/templates/ (please add some templates, check your Thymeleaf configuration, or set spring.thymeleaf.check-template-location=false)
2025-06-19T17:23:32.553+09:00  INFO 56651 --- [    Test worker] o.s.b.a.h2.H2ConsoleAutoConfiguration    : H2 console available at '/h2-console'. Database available at 'jdbc:h2:mem:database'
2025-06-19T17:23:32.570+09:00  INFO 56651 --- [    Test worker] f.domain.service.ReservationServiceTest  : Started ReservationServiceTest in 0.447 seconds (process running for 6.157)
Hibernate: 
    insert 
    into
        trainer
        (gender, name, id) 
    values
        (?, ?, default)
Hibernate: 
    insert 
    into
        lesson_time
        (time, id) 
    values
        (?, default)
Hibernate: 
    insert 
    into
        member
        (email, name, password, pt_number, trainer_id, id) 
    values
        (?, ?, ?, ?, ?, default)
Hibernate: 
    update
        member 
    set
        email=?,
        name=?,
        password=?,
        pt_number=?,
        trainer_id=? 
    where
        id=?
Hibernate: 
    select
        r1_0.id 
    from
        reservation r1_0 
    where
        r1_0.date=? 
        and r1_0.lesson_time_id=? 
        and r1_0.trainer_id=? 
    fetch
        first ? rows only
Hibernate: 
    insert 
    into
        reservation
        (date, lesson_time_id, member_id, status, trainer_id, id) 
    values
        (?, ?, ?, ?, ?, default)
Hibernate: 
    insert 
    into
        trainer
        (gender, name, id) 
    values
        (?, ?, default)
Hibernate: 
    insert 
    into
        lesson_time
        (time, id) 
    values
        (?, default)
Hibernate: 
    insert 
    into
        member
        (email, name, password, pt_number, trainer_id, id) 
    values
        (?, ?, ?, ?, ?, default)
Hibernate: 
    insert 
    into
        trainer
        (gender, name, id) 
    values
        (?, ?, default)
Hibernate: 
    insert 
    into
        member
        (email, name, password, pt_number, trainer_id, id) 
    values
        (?, ?, ?, ?, ?, default)
Hibernate: 
    insert 
    into
        lesson_time
        (time, id) 
    values
        (?, default)
Hibernate: 
    insert 
    into
        reservation
        (date, lesson_time_id, member_id, status, trainer_id, id) 
    values
        (?, ?, ?, ?, ?, default)
Hibernate: 
    select
        r1_0.id,
        r1_0.date,
        r1_0.lesson_time_id,
        r1_0.member_id,
        r1_0.status,
        r1_0.trainer_id 
    from
        reservation r1_0 
    where
        r1_0.trainer_id=? 
        and r1_0.date>? 
    order by
        r1_0.date
Hibernate: 
    insert 
    into
        trainer
        (gender, name, id) 
    values
        (?, ?, default)
Hibernate: 
    insert 
    into
        lesson_time
        (time, id) 
    values
        (?, default)
Hibernate: 
    insert 
    into
        member
        (email, name, password, pt_number, trainer_id, id) 
    values
        (?, ?, ?, ?, ?, default)
Hibernate: 
    insert 
    into
        reservation
        (date, lesson_time_id, member_id, status, trainer_id, id) 
    values
        (?, ?, ?, ?, ?, default)
Hibernate: 
    insert 
    into
        trainer
        (gender, name, id) 
    values
        (?, ?, default)
Hibernate: 
    insert 
    into
        lesson_time
        (time, id) 
    values
        (?, default)
Hibernate: 
    insert 
    into
        member
        (email, name, password, pt_number, trainer_id, id) 
    values
        (?, ?, ?, ?, ?, default)
Hibernate: 
    update
        member 
    set
        email=?,
        name=?,
        password=?,
        pt_number=?,
        trainer_id=? 
    where
        id=?
Hibernate: 
    insert 
    into
        trainer
        (gender, name, id) 
    values
        (?, ?, default)
Hibernate: 
    insert 
    into
        lesson_time
        (time, id) 
    values
        (?, default)
Hibernate: 
    insert 
    into
        member
        (email, name, password, pt_number, trainer_id, id) 
    values
        (?, ?, ?, ?, ?, default)
Hibernate: 
    insert 
    into
        reservation
        (date, lesson_time_id, member_id, status, trainer_id, id) 
    values
        (?, ?, ?, ?, ?, default)
Hibernate: 
    insert 
    into
        trainer
        (gender, name, id) 
    values
        (?, ?, default)
Hibernate: 
    insert 
    into
        lesson_time
        (time, id) 
    values
        (?, default)
Hibernate: 
    insert 
    into
        member
        (email, name, password, pt_number, trainer_id, id) 
    values
        (?, ?, ?, ?, ?, default)
Hibernate: 
    update
        member 
    set
        email=?,
        name=?,
        password=?,
        pt_number=?,
        trainer_id=? 
    where
        id=?
Hibernate: 
    select
        r1_0.id 
    from
        reservation r1_0 
    where
        r1_0.date=? 
        and r1_0.lesson_time_id=? 
        and r1_0.trainer_id=? 
    fetch
        first ? rows only
Hibernate: 
    insert 
    into
        reservation
        (date, lesson_time_id, member_id, status, trainer_id, id) 
    values
        (?, ?, ?, ?, ?, default)
Hibernate: 
    select
        r1_0.id 
    from
        reservation r1_0 
    where
        r1_0.date=? 
        and r1_0.lesson_time_id=? 
        and r1_0.trainer_id=? 
    fetch
        first ? rows only
Hibernate: 
    insert 
    into
        reservation
        (date, lesson_time_id, member_id, status, trainer_id, id) 
    values
        (?, ?, ?, ?, ?, default)
2025-06-19T17:23:32.822+09:00  INFO 56651 --- [    Test worker] j.LocalContainerEntityManagerFactoryBean : Closing JPA EntityManagerFactory for persistence unit 'default'
Hibernate: 
    drop table if exists lesson_time cascade 
Hibernate: 
    drop table if exists member cascade 
Hibernate: 
    drop table if exists reservation cascade 
Hibernate: 
    drop table if exists trainer cascade 
2025-06-19T17:23:32.824+09:00  INFO 56651 --- [    Test worker] com.zaxxer.hikari.HikariDataSource       : HikariPool-3 - Shutdown initiated...
2025-06-19T17:23:32.825+09:00  INFO 56651 --- [    Test worker] com.zaxxer.hikari.HikariDataSource       : HikariPool-3 - Shutdown completed.
]]></system-out>
  <system-err><![CDATA[]]></system-err>
</testsuite>
